<?xml version="1.0" encoding="UTF-8"?>
<testng-results ignored="0" total="3" passed="3" failed="0" skipped="0">
  <reporter-output>
  </reporter-output>
  <suite started-at="2021-09-30T09:58:10 IST" name="Default suite" finished-at="2021-09-30T09:58:10 IST" duration-ms="44">
    <groups>
    </groups>
    <test started-at="2021-09-30T09:58:10 IST" name="Default test" finished-at="2021-09-30T09:58:10 IST" duration-ms="44">
      <class name="challange.DataProviders">
        <test-method signature="login(java.lang.String,java.lang.String)[pri:0, instance:challange.DataProviders@22e357dc]" started-at="2021-09-30T09:58:10 IST" name="login" data-provider="getData" finished-at="2021-09-30T09:58:10 IST" duration-ms="5" status="PASS">
          <params>
            <param index="0">
              <value>
                <![CDATA[Aman]]>
              </value>
            </param>
            <param index="1">
              <value>
                <![CDATA[Password]]>
              </value>
            </param>
          </params>
          <reporter-output>
          </reporter-output>
        </test-method> <!-- login -->
        <test-method signature="login(java.lang.String,java.lang.String)[pri:0, instance:challange.DataProviders@22e357dc]" started-at="2021-09-30T09:58:10 IST" name="login" data-provider="getData" finished-at="2021-09-30T09:58:10 IST" duration-ms="0" status="PASS">
          <params>
            <param index="0">
              <value>
                <![CDATA[Rohit]]>
              </value>
            </param>
            <param index="1">
              <value>
                <![CDATA[Password]]>
              </value>
            </param>
          </params>
          <reporter-output>
          </reporter-output>
        </test-method> <!-- login -->
        <test-method signature="login(java.lang.String,java.lang.String)[pri:0, instance:challange.DataProviders@22e357dc]" started-at="2021-09-30T09:58:10 IST" name="login" data-provider="getData" finished-at="2021-09-30T09:58:10 IST" duration-ms="1" status="PASS">
          <params>
            <param index="0">
              <value>
                <![CDATA[Abhy]]>
              </value>
            </param>
            <param index="1">
              <value>
                <![CDATA[Password]]>
              </value>
            </param>
          </params>
          <reporter-output>
          </reporter-output>
        </test-method> <!-- login -->
      </class> <!-- challange.DataProviders -->
    </test> <!-- Default test -->
  </suite> <!-- Default suite -->
</testng-results>
