<?xml version="1.0" encoding="UTF-8"?>
<!-- Generated by org.testng.reporters.JUnitXMLReporter -->
<testsuite ignored="0" hostname="AL01LAP041" failures="0" tests="3" name="Default test" time="0.044" errors="0" timestamp="2021-09-30T09:58:10 IST">
  <testcase classname="challange.DataProviders" name="login" time="0.005"/>
  <testcase classname="challange.DataProviders" name="login" time="0.0"/>
  <testcase classname="challange.DataProviders" name="login" time="0.001"/>
</testsuite> <!-- Default test -->
